c:\users\pablo\source\repos\picotocalculator\picotocalculator\x64\debug\vc143.pdb
c:\users\pablo\source\repos\picotocalculator\picotocalculator\x64\debug\vc143.idb
c:\users\pablo\source\repos\picotocalculator\picotocalculator\x64\debug\wndpila.obj
c:\users\pablo\source\repos\picotocalculator\picotocalculator\x64\debug\source.obj
c:\users\pablo\source\repos\picotocalculator\picotocalculator\x64\debug\picotocalculator.res
c:\users\pablo\source\repos\picotocalculator\x64\debug\picotocalculator.pdb
c:\users\pablo\source\repos\picotocalculator\picotocalculator\x64\debug\picotocalculator.tlog\cl.command.1.tlog
c:\users\pablo\source\repos\picotocalculator\picotocalculator\x64\debug\picotocalculator.tlog\cl.read.1.tlog
c:\users\pablo\source\repos\picotocalculator\picotocalculator\x64\debug\picotocalculator.tlog\cl.write.1.tlog
c:\users\pablo\source\repos\picotocalculator\picotocalculator\x64\debug\picotocalculator.tlog\link-cvtres.read.1.tlog
c:\users\pablo\source\repos\picotocalculator\picotocalculator\x64\debug\picotocalculator.tlog\link-cvtres.write.1.tlog
c:\users\pablo\source\repos\picotocalculator\picotocalculator\x64\debug\picotocalculator.tlog\link-rc.read.1.tlog
c:\users\pablo\source\repos\picotocalculator\picotocalculator\x64\debug\picotocalculator.tlog\link-rc.write.1.tlog
c:\users\pablo\source\repos\picotocalculator\picotocalculator\x64\debug\picotocalculator.tlog\link.4488-cvtres.read.1.tlog
c:\users\pablo\source\repos\picotocalculator\picotocalculator\x64\debug\picotocalculator.tlog\link.4488-cvtres.write.1.tlog
c:\users\pablo\source\repos\picotocalculator\picotocalculator\x64\debug\picotocalculator.tlog\link.4488-rc.read.1.tlog
c:\users\pablo\source\repos\picotocalculator\picotocalculator\x64\debug\picotocalculator.tlog\link.4488-rc.write.1.tlog
c:\users\pablo\source\repos\picotocalculator\picotocalculator\x64\debug\picotocalculator.tlog\link.4488.read.1.tlog
c:\users\pablo\source\repos\picotocalculator\picotocalculator\x64\debug\picotocalculator.tlog\link.4488.read.2.tlog
c:\users\pablo\source\repos\picotocalculator\picotocalculator\x64\debug\picotocalculator.tlog\link.4488.write.1.tlog
c:\users\pablo\source\repos\picotocalculator\picotocalculator\x64\debug\picotocalculator.tlog\link.command.1.tlog
c:\users\pablo\source\repos\picotocalculator\picotocalculator\x64\debug\picotocalculator.tlog\link.read.1.tlog
c:\users\pablo\source\repos\picotocalculator\picotocalculator\x64\debug\picotocalculator.tlog\link.read.2.tlog
c:\users\pablo\source\repos\picotocalculator\picotocalculator\x64\debug\picotocalculator.tlog\link.write.1.tlog
c:\users\pablo\source\repos\picotocalculator\picotocalculator\x64\debug\picotocalculator.tlog\rc.command.1.tlog
c:\users\pablo\source\repos\picotocalculator\picotocalculator\x64\debug\picotocalculator.tlog\rc.read.1.tlog
c:\users\pablo\source\repos\picotocalculator\picotocalculator\x64\debug\picotocalculator.tlog\rc.write.1.tlog
